<?xml version="1.0" encoding="UTF-8"?>
<!-- Generated by org.testng.reporters.JUnitReportReporter -->
<testsuite hostname="DESKTOP-LFJGVBI" failures="0" tests="1" name="cucumber.Options.TestRunner" time="12.469" errors="0" timestamp="2023-12-12T22:42:53 IST" skipped="0">
  <testcase classname="cucumber.Options.TestRunner" name="runScenario" time="12.469"/>
  <system-out/>
</testsuite> <!-- cucumber.Options.TestRunner -->
